<?xml version="1.0" encoding="UTF-8"?>
<testng-results skipped="0" failed="0" total="1" passed="1">
  <reporter-output>
  </reporter-output>
  <suite name="Default suite" duration-ms="115337" started-at="2016-08-14T22:14:02Z" finished-at="2016-08-14T22:15:57Z">
    <groups>
    </groups>
    <test name="Default test" duration-ms="115337" started-at="2016-08-14T22:14:02Z" finished-at="2016-08-14T22:15:57Z">
      <class name="testcases.TC009_ConvertLead">
        <test-method status="PASS" signature="beforeSuite()[pri:0, instance:testcases.TC009_ConvertLead@604ed9f0]" name="beforeSuite" is-config="true" duration-ms="545" started-at="2016-08-15T03:44:02Z" finished-at="2016-08-15T03:44:02Z">
          <reporter-output>
          </reporter-output>
        </test-method> <!-- beforeSuite -->
        <test-method status="PASS" signature="beforeTest()[pri:0, instance:testcases.TC009_ConvertLead@604ed9f0]" name="beforeTest" is-config="true" duration-ms="1" started-at="2016-08-15T03:44:02Z" finished-at="2016-08-15T03:44:02Z">
          <reporter-output>
          </reporter-output>
        </test-method> <!-- beforeTest -->
        <test-method status="PASS" signature="beforeClass()[pri:0, instance:testcases.TC009_ConvertLead@604ed9f0]" name="beforeClass" is-config="true" duration-ms="1" started-at="2016-08-15T03:44:02Z" finished-at="2016-08-15T03:44:02Z">
          <reporter-output>
          </reporter-output>
        </test-method> <!-- beforeClass -->
        <test-method status="PASS" signature="beforeMethod()[pri:0, instance:testcases.TC009_ConvertLead@604ed9f0]" name="beforeMethod" is-config="true" duration-ms="14448" started-at="2016-08-15T03:44:03Z" finished-at="2016-08-15T03:44:17Z">
          <reporter-output>
          </reporter-output>
        </test-method> <!-- beforeMethod -->
        <test-method status="PASS" signature="duplicateLead(java.lang.String, java.lang.String, java.lang.String, java.lang.String, java.lang.String)[pri:0, instance:testcases.TC009_ConvertLead@604ed9f0]" name="duplicateLead" duration-ms="99389" started-at="2016-08-15T03:44:17Z" data-provider="fetchData" finished-at="2016-08-15T03:45:57Z">
          <params>
            <param index="0">
              <value>
                <![CDATA[DemoSalesManager]]>
              </value>
            </param>
            <param index="1">
              <value>
                <![CDATA[crmsfa]]>
              </value>
            </param>
            <param index="2">
              <value>
                <![CDATA[Demo Sales Manager]]>
              </value>
            </param>
            <param index="3">
              <value>
                <![CDATA[FL]]>
              </value>
            </param>
            <param index="4">
              <value>
                <![CDATA[Screen Render Error]]>
              </value>
            </param>
          </params>
          <reporter-output>
          </reporter-output>
        </test-method> <!-- duplicateLead -->
        <test-method status="PASS" signature="afterMethod()[pri:0, instance:testcases.TC009_ConvertLead@604ed9f0]" name="afterMethod" is-config="true" duration-ms="789" started-at="2016-08-15T03:45:57Z" finished-at="2016-08-15T03:45:57Z">
          <reporter-output>
          </reporter-output>
        </test-method> <!-- afterMethod -->
        <test-method status="PASS" signature="afterTest()[pri:0, instance:testcases.TC009_ConvertLead@604ed9f0]" name="afterTest" is-config="true" duration-ms="1" started-at="2016-08-15T03:45:57Z" finished-at="2016-08-15T03:45:57Z">
          <reporter-output>
          </reporter-output>
        </test-method> <!-- afterTest -->
        <test-method status="PASS" signature="afterSuite()[pri:0, instance:testcases.TC009_ConvertLead@604ed9f0]" name="afterSuite" is-config="true" duration-ms="417" started-at="2016-08-15T03:45:57Z" finished-at="2016-08-15T03:45:58Z">
          <reporter-output>
          </reporter-output>
        </test-method> <!-- afterSuite -->
      </class> <!-- testcases.TC009_ConvertLead -->
    </test> <!-- Default test -->
  </suite> <!-- Default suite -->
</testng-results>
